[debug] [2026-05-04T11:44:28.484Z] ----------------------------------------------------------------------
[debug] [2026-05-04T11:44:28.486Z] Command:       /usr/bin/node /home/p4cketsn1ff3r/.npm/_npx/7750544ccf494d8b/node_modules/.bin/firebase deploy --only functions --project buspulse-493407
[debug] [2026-05-04T11:44:28.487Z] CLI Version:   15.16.0
[debug] [2026-05-04T11:44:28.487Z] Platform:      linux
[debug] [2026-05-04T11:44:28.487Z] Node Version:  v22.22.2
[debug] [2026-05-04T11:44:28.487Z] Time:          Mon May 04 2026 17:14:28 GMT+0530 (India Standard Time)
[debug] [2026-05-04T11:44:28.487Z] ----------------------------------------------------------------------
[debug] 
[debug] [2026-05-04T11:44:29.355Z] > command requires scopes: ["email","openid","https://www.googleapis.com/auth/cloudplatformprojects.readonly","https://www.googleapis.com/auth/firebase","https://www.googleapis.com/auth/cloud-platform"]
[debug] [2026-05-04T11:44:29.714Z] Running auto auth
[debug] [2026-05-04T11:44:29.715Z] [iam] checking project buspulse-493407 for permissions ["cloudfunctions.functions.create","cloudfunctions.functions.delete","cloudfunctions.functions.get","cloudfunctions.functions.list","cloudfunctions.functions.update","cloudfunctions.operations.get","firebase.projects.get"]
[debug] [2026-05-04T11:44:29.716Z] No OAuth tokens found
[debug] [2026-05-04T11:44:29.717Z] >>> [apiv2][query] POST https://cloudresourcemanager.googleapis.com/v1/projects/buspulse-493407:testIamPermissions [none]
[debug] [2026-05-04T11:44:29.717Z] >>> [apiv2][(partial)header] POST https://cloudresourcemanager.googleapis.com/v1/projects/buspulse-493407:testIamPermissions  x-goog-user-project=buspulse-493407
[debug] [2026-05-04T11:44:29.717Z] >>> [apiv2][body] POST https://cloudresourcemanager.googleapis.com/v1/projects/buspulse-493407:testIamPermissions {"permissions":["cloudfunctions.functions.create","cloudfunctions.functions.delete","cloudfunctions.functions.get","cloudfunctions.functions.list","cloudfunctions.functions.update","cloudfunctions.operations.get","firebase.projects.get"]}
[debug] [2026-05-04T11:44:31.213Z] <<< [apiv2][status] POST https://cloudresourcemanager.googleapis.com/v1/projects/buspulse-493407:testIamPermissions 200
[debug] [2026-05-04T11:44:31.213Z] <<< [apiv2][body] POST https://cloudresourcemanager.googleapis.com/v1/projects/buspulse-493407:testIamPermissions {"permissions":["cloudfunctions.functions.create","cloudfunctions.functions.delete","cloudfunctions.functions.get","cloudfunctions.functions.list","cloudfunctions.functions.update","cloudfunctions.operations.get","firebase.projects.get"]}
[debug] [2026-05-04T11:44:31.214Z] No OAuth tokens found
[debug] [2026-05-04T11:44:31.214Z] >>> [apiv2][query] POST https://iam.googleapis.com/v1/projects/buspulse-493407/serviceAccounts/buspulse-493407@appspot.gserviceaccount.com:testIamPermissions [none]
[debug] [2026-05-04T11:44:31.214Z] >>> [apiv2][body] POST https://iam.googleapis.com/v1/projects/buspulse-493407/serviceAccounts/buspulse-493407@appspot.gserviceaccount.com:testIamPermissions {"permissions":["iam.serviceAccounts.actAs"]}
[debug] [2026-05-04T11:44:32.990Z] <<< [apiv2][status] POST https://iam.googleapis.com/v1/projects/buspulse-493407/serviceAccounts/buspulse-493407@appspot.gserviceaccount.com:testIamPermissions 200
[debug] [2026-05-04T11:44:32.991Z] <<< [apiv2][body] POST https://iam.googleapis.com/v1/projects/buspulse-493407/serviceAccounts/buspulse-493407@appspot.gserviceaccount.com:testIamPermissions {"permissions":["iam.serviceAccounts.actAs"]}
[info] 
[info] === Deploying to 'buspulse-493407'...
[info] 
[info] i  deploying functions 
[debug] [2026-05-04T11:44:32.996Z] No OAuth tokens found
[debug] [2026-05-04T11:44:32.996Z] >>> [apiv2][query] GET https://cloudresourcemanager.googleapis.com/v1/projects/buspulse-493407 [none]
[debug] [2026-05-04T11:44:33.461Z] <<< [apiv2][status] GET https://cloudresourcemanager.googleapis.com/v1/projects/buspulse-493407 200
[debug] [2026-05-04T11:44:33.462Z] <<< [apiv2][body] GET https://cloudresourcemanager.googleapis.com/v1/projects/buspulse-493407 {"projectNumber":"437939176994","projectId":"buspulse-493407","lifecycleState":"ACTIVE","name":"BusPulse","labels":{"firebase":"enabled","firebase-core":"disabled"},"createTime":"2026-04-15T07:23:51.999Z"}
[info] i  functions: preparing codebase buspulse-aggregator for deployment 
[info] i  functions: ensuring required API cloudfunctions.googleapis.com is enabled... 
[info] i  functions: ensuring required API cloudbuild.googleapis.com is enabled... 
[info] i  artifactregistry: ensuring required API artifactregistry.googleapis.com is enabled... 
[debug] [2026-05-04T11:44:33.465Z] No OAuth tokens found
[debug] [2026-05-04T11:44:33.466Z] >>> [apiv2][query] GET https://firebase.googleapis.com/v1beta1/projects/buspulse-493407/adminSdkConfig [none]
[debug] [2026-05-04T11:44:34.123Z] <<< [apiv2][status] GET https://firebase.googleapis.com/v1beta1/projects/buspulse-493407/adminSdkConfig 200
[debug] [2026-05-04T11:44:34.124Z] <<< [apiv2][body] GET https://firebase.googleapis.com/v1beta1/projects/buspulse-493407/adminSdkConfig {"projectId":"buspulse-493407","databaseURL":"https://buspulse-493407-default-rtdb.asia-southeast1.firebasedatabase.app","storageBucket":"buspulse-493407.firebasestorage.app"}
[debug] [2026-05-04T11:44:34.125Z] No OAuth tokens found
[debug] [2026-05-04T11:44:34.125Z] >>> [apiv2][query] GET https://runtimeconfig.googleapis.com/v1beta1/projects/buspulse-493407/configs [none]
[debug] [2026-05-04T11:44:34.807Z] <<< [apiv2][status] GET https://runtimeconfig.googleapis.com/v1beta1/projects/buspulse-493407/configs 200
[debug] [2026-05-04T11:44:34.807Z] <<< [apiv2][body] GET https://runtimeconfig.googleapis.com/v1beta1/projects/buspulse-493407/configs {}
[debug] [2026-05-04T11:44:34.809Z] Validating nodejs source
[warn] ⚠  functions: Runtime Node.js 20 was deprecated on 2026-04-30 and will be decommissioned on 2026-10-30, after which you will not be able to deploy without upgrading. Consider upgrading now to avoid disruption. See https://cloud.google.com/functions/docs/runtime-support for full details on the lifecycle policy 
[debug] [2026-05-04T11:44:35.666Z] > [functions] package.json contents: {
  "name": "buspulse-functions",
  "version": "1.0.0",
  "description": "BusPulse Cloud Functions — server-side fleet aggregator",
  "engines": {
    "node": "20"
  },
  "main": "lib/index.js",
  "scripts": {
    "build": "tsc",
    "build:watch": "tsc --watch",
    "serve": "npm run build && firebase emulators:start --only functions,database",
    "deploy": "firebase deploy --only functions"
  },
  "dependencies": {
    "@google-cloud/bigquery": "^8.3.0",
    "@google-cloud/secret-manager": "^6.1.2",
    "firebase-admin": "^13.8.0",
    "firebase-functions": "^7.2.5"
  },
  "devDependencies": {
    "@types/node": "^20",
    "typescript": "^5.4.0"
  },
  "private": true
}
[debug] [2026-05-04T11:44:35.666Z] Building nodejs source
[info] i  functions: Loading and analyzing source code for codebase buspulse-aggregator to determine what to deploy 
[debug] [2026-05-04T11:44:35.668Z] Could not find functions.yaml. Must use http discovery
[debug] [2026-05-04T11:44:35.675Z] Found firebase-functions binary at '/home/p4cketsn1ff3r/Downloads/Projects/BusPulse/functions/node_modules/.bin/firebase-functions'
[info] Serving at port 8444

[debug] [2026-05-04T11:44:35.882Z] Got response from /__/functions.yaml {"endpoints":{"detectAnomalies":{"availableMemoryMb":null,"timeoutSeconds":null,"minInstances":null,"maxInstances":null,"ingressSettings":null,"concurrency":null,"serviceAccountEmail":null,"vpc":null,"platform":"gcfv2","region":["asia-southeast1"],"labels":{},"scheduleTrigger":{"schedule":"every 1 minutes","retryConfig":{}},"entryPoint":"detectAnomalies"},"exportBusLocationToBigQuery":{"availableMemoryMb":null,"timeoutSeconds":null,"minInstances":null,"maxInstances":null,"ingressSettings":null,"concurrency":null,"serviceAccountEmail":null,"vpc":null,"platform":"gcfv2","region":["asia-southeast1"],"labels":{},"eventTrigger":{"eventType":"google.firebase.database.ref.v1.written","eventFilters":{},"eventFilterPathPatterns":{"ref":"busLocations/{busId}","instance":"*"},"retry":false},"entryPoint":"exportBusLocationToBigQuery"},"notifyApproachingStudents":{"availableMemoryMb":null,"timeoutSeconds":null,"minInstances":null,"maxInstances":null,"ingressSettings":null,"concurrency":null,"serviceAccountEmail":null,"vpc":null,"platform":"gcfv2","region":["asia-southeast1"],"labels":{},"eventTrigger":{"eventType":"google.firebase.database.ref.v1.written","eventFilters":{},"eventFilterPathPatterns":{"ref":"busLocations/{busId}","instance":"*"},"retry":false},"entryPoint":"notifyApproachingStudents"},"aggregateBusLocation":{"availableMemoryMb":null,"timeoutSeconds":null,"minInstances":null,"maxInstances":null,"ingressSettings":null,"concurrency":null,"serviceAccountEmail":null,"vpc":null,"platform":"gcfv2","region":["asia-southeast1"],"labels":{},"eventTrigger":{"eventType":"google.firebase.database.ref.v1.written","eventFilters":{},"eventFilterPathPatterns":{"ref":"trackerCandidates/{busId}/{uuid}","instance":"*"},"retry":false},"entryPoint":"aggregateBusLocation"}},"specVersion":"v1alpha1","requiredAPIs":[{"api":"cloudscheduler.googleapis.com","reason":"Needed for scheduled functions."}],"extensions":{}}
[info] i  extensions: ensuring required API firebaseextensions.googleapis.com is enabled... 
[debug] [2026-05-04T11:44:39.915Z] > command requires scopes: ["email","openid","https://www.googleapis.com/auth/cloudplatformprojects.readonly","https://www.googleapis.com/auth/firebase","https://www.googleapis.com/auth/cloud-platform"]
[debug] [2026-05-04T11:44:39.916Z] Running auto auth
[debug] [2026-05-04T11:44:39.916Z] [iam] checking project buspulse-493407 for permissions ["firebase.projects.get","firebaseextensions.instances.list"]
[debug] [2026-05-04T11:44:39.916Z] No OAuth tokens found
[debug] [2026-05-04T11:44:39.916Z] >>> [apiv2][query] POST https://cloudresourcemanager.googleapis.com/v1/projects/buspulse-493407:testIamPermissions [none]
[debug] [2026-05-04T11:44:39.917Z] >>> [apiv2][(partial)header] POST https://cloudresourcemanager.googleapis.com/v1/projects/buspulse-493407:testIamPermissions  x-goog-user-project=buspulse-493407
[debug] [2026-05-04T11:44:39.917Z] >>> [apiv2][body] POST https://cloudresourcemanager.googleapis.com/v1/projects/buspulse-493407:testIamPermissions {"permissions":["firebase.projects.get","firebaseextensions.instances.list"]}
[debug] [2026-05-04T11:44:41.348Z] <<< [apiv2][status] POST https://cloudresourcemanager.googleapis.com/v1/projects/buspulse-493407:testIamPermissions 200
[debug] [2026-05-04T11:44:41.349Z] <<< [apiv2][body] POST https://cloudresourcemanager.googleapis.com/v1/projects/buspulse-493407:testIamPermissions {"permissions":["firebase.projects.get","firebaseextensions.instances.list"]}
[debug] [2026-05-04T11:44:41.349Z] No OAuth tokens found
[debug] [2026-05-04T11:44:41.350Z] >>> [apiv2][query] GET https://firebaseextensions.googleapis.com/v1beta/projects/buspulse-493407/instances pageSize=100&pageToken=
[debug] [2026-05-04T11:44:43.046Z] <<< [apiv2][status] GET https://firebaseextensions.googleapis.com/v1beta/projects/buspulse-493407/instances 200
[debug] [2026-05-04T11:44:43.047Z] <<< [apiv2][body] GET https://firebaseextensions.googleapis.com/v1beta/projects/buspulse-493407/instances {}
[info] i  functions: preparing functions directory for uploading... 
[info] i  functions: packaged /home/p4cketsn1ff3r/Downloads/Projects/BusPulse/functions (82.29 KB) for uploading 
[debug] [2026-05-04T11:44:43.135Z] No OAuth tokens found
[debug] [2026-05-04T11:44:43.135Z] >>> [apiv2][query] GET https://cloudfunctions.googleapis.com/v1/projects/buspulse-493407/locations/-/functions [none]
[debug] [2026-05-04T11:44:44.236Z] <<< [apiv2][status] GET https://cloudfunctions.googleapis.com/v1/projects/buspulse-493407/locations/-/functions 200
[debug] [2026-05-04T11:44:44.237Z] <<< [apiv2][body] GET https://cloudfunctions.googleapis.com/v1/projects/buspulse-493407/locations/-/functions {}
[debug] [2026-05-04T11:44:44.238Z] No OAuth tokens found
[debug] [2026-05-04T11:44:44.238Z] >>> [apiv2][query] GET https://cloudfunctions.googleapis.com/v2/projects/buspulse-493407/locations/-/functions filter=environment%3D%22GEN_2%22
[debug] [2026-05-04T11:44:46.878Z] <<< [apiv2][status] GET https://cloudfunctions.googleapis.com/v2/projects/buspulse-493407/locations/-/functions 200
[debug] [2026-05-04T11:44:46.878Z] <<< [apiv2][body] GET https://cloudfunctions.googleapis.com/v2/projects/buspulse-493407/locations/-/functions {"functions":[{"name":"projects/buspulse-493407/locations/asia-south1/functions/detectAnomalies","buildConfig":{"build":"projects/437939176994/locations/asia-south1/builds/29ef8b65-e56d-4b0c-8246-e1df0a4b148a","runtime":"nodejs20","entryPoint":"detectAnomalies","source":{"storageSource":{"bucket":"gcf-v2-sources-437939176994-asia-south1","object":"detectAnomalies/function-source.zip","generation":"1777894141943462"}},"environmentVariables":{"GOOGLE_NODE_RUN_SCRIPTS":""},"dockerRepository":"projects/buspulse-493407/locations/asia-south1/repositories/gcf-artifacts","sourceProvenance":{"resolvedStorageSource":{"bucket":"gcf-v2-sources-437939176994-asia-south1","object":"detectAnomalies/function-source.zip","generation":"1777894141943462"}},"dockerRegistry":"ARTIFACT_REGISTRY","serviceAccount":"projects/buspulse-493407/serviceAccounts/437939176994-compute@developer.gserviceaccount.com","automaticUpdatePolicy":{}},"serviceConfig":{"service":"projects/buspulse-493407/locations/asia-south1/services/detectanomalies","timeoutSeconds":60,"environmentVariables":{"FIREBASE_CONFIG":"{\"projectId\":\"buspulse-493407\",\"databaseURL\":\"https://buspulse-493407-default-rtdb.asia-southeast1.firebasedatabase.app\",\"storageBucket\":\"buspulse-493407.firebasestorage.app\"}","GCLOUD_PROJECT":"buspulse-493407","EVENTARC_CLOUD_EVENT_SOURCE":"projects/buspulse-493407/locations/asia-south1/services/detectAnomalies","FUNCTION_TARGET":"detectAnomalies","LOG_EXECUTION_ID":"true"},"ingressSettings":"ALLOW_ALL","uri":"https://detectanomalies-vqkowsql7a-el.a.run.app","serviceAccountEmail":"437939176994-compute@developer.gserviceaccount.com","availableMemory":"256Mi","allTrafficOnLatestRevision":true,"revision":"detectanomalies-00001-bev","maxInstanceRequestConcurrency":80,"availableCpu":"1"},"state":"ACTIVE","updateTime":"2026-05-04T11:30:20.239451955Z","labels":{"deployment-tool":"cli-firebase","deployment-scheduled":"true","firebase-functions-codebase":"buspulse-aggregator","firebase-functions-hash":"895b808ef08cda11ee30236983582ca44a770019"},"environment":"GEN_2","url":"https://asia-south1-buspulse-493407.cloudfunctions.net/detectAnomalies","satisfiesPzs":true,"createTime":"2026-05-04T11:29:02.944538025Z","satisfiesPzi":true},{"name":"projects/buspulse-493407/locations/asia-southeast1/functions/exportBusLocationToBigQuery","buildConfig":{"build":"projects/437939176994/locations/asia-southeast1/builds/a3d5c706-d5b3-4149-a1c1-f220e9863b4f","runtime":"nodejs20","entryPoint":"exportBusLocationToBigQuery","source":{"storageSource":{"bucket":"gcf-v2-sources-437939176994-asia-southeast1","object":"exportBusLocationToBigQuery/function-source.zip","generation":"1777894882380328"}},"environmentVariables":{"GOOGLE_NODE_RUN_SCRIPTS":""},"dockerRepository":"projects/buspulse-493407/locations/asia-southeast1/repositories/gcf-artifacts","sourceProvenance":{"resolvedStorageSource":{"bucket":"gcf-v2-sources-437939176994-asia-southeast1","object":"exportBusLocationToBigQuery/function-source.zip","generation":"1777894882380328"}},"dockerRegistry":"ARTIFACT_REGISTRY","serviceAccount":"projects/buspulse-493407/serviceAccounts/437939176994-compute@developer.gserviceaccount.com","automaticUpdatePolicy":{}},"serviceConfig":{"service":"projects/buspulse-493407/locations/asia-southeast1/services/exportbuslocationtobigquery","timeoutSeconds":60,"environmentVariables":{"FIREBASE_CONFIG":"{\"projectId\":\"buspulse-493407\",\"databaseURL\":\"https://buspulse-493407-default-rtdb.asia-southeast1.firebasedatabase.app\",\"storageBucket\":\"buspulse-493407.firebasestorage.app\"}","GCLOUD_PROJECT":"buspulse-493407","EVENTARC_CLOUD_EVENT_SOURCE":"projects/buspulse-493407/locations/asia-southeast1/services/exportBusLocationToBigQuery","FUNCTION_SIGNATURE_TYPE":"cloudevent","FUNCTION_TARGET":"exportBusLocationToBigQuery","LOG_EXECUTION_ID":"true"},"ingressSettings":"ALLOW_ALL","uri":"https://exportbuslocationtobigquery-vqkowsql7a-as.a.run.app","serviceAccountEmail":"437939176994-compute@developer.gserviceaccount.com","availableMemory":"256Mi","allTrafficOnLatestRevision":true,"revision":"exportbuslocationtobigquery-00001-coy","maxInstanceRequestConcurrency":80,"availableCpu":"1"},"eventTrigger":{"trigger":"projects/buspulse-493407/locations/asia-southeast1/triggers/exportbuslocationtobigquery-642497","triggerRegion":"asia-southeast1","eventType":"google.firebase.database.ref.v1.written","eventFilters":[{"attribute":"ref","value":"busLocations/{busId}","operator":"match-path-pattern"},{"attribute":"instance","value":"*","operator":"match-path-pattern"}],"pubsubTopic":"projects/buspulse-493407/topics/eventarc-asia-southeast1-exportbuslocationtobigquery-642497-801","serviceAccountEmail":"437939176994-compute@developer.gserviceaccount.com","retryPolicy":"RETRY_POLICY_DO_NOT_RETRY"},"state":"ACTIVE","updateTime":"2026-05-04T11:42:00.806973736Z","labels":{"firebase-functions-hash":"91af0f9416bdd5a9612c1b49786bb83f24543f93","deployment-tool":"cli-firebase","firebase-functions-codebase":"buspulse-aggregator"},"environment":"GEN_2","url":"https://asia-southeast1-buspulse-493407.cloudfunctions.net/exportBusLocationToBigQuery","satisfiesPzs":true,"createTime":"2026-05-04T11:41:26.962594142Z","satisfiesPzi":true},{"name":"projects/buspulse-493407/locations/asia-southeast1/functions/notifyApproachingStudents","buildConfig":{"build":"projects/437939176994/locations/asia-southeast1/builds/a3d5c706-d5b3-4149-a1c1-f220e9863b4f","runtime":"nodejs20","entryPoint":"notifyApproachingStudents","source":{"storageSource":{"bucket":"gcf-v2-sources-437939176994-asia-southeast1","object":"notifyApproachingStudents/function-source.zip","generation":"1777894882554980"}},"environmentVariables":{"GOOGLE_NODE_RUN_SCRIPTS":""},"dockerRepository":"projects/buspulse-493407/locations/asia-southeast1/repositories/gcf-artifacts","sourceProvenance":{"resolvedStorageSource":{"bucket":"gcf-v2-sources-437939176994-asia-southeast1","object":"notifyApproachingStudents/function-source.zip","generation":"1777894882554980"}},"dockerRegistry":"ARTIFACT_REGISTRY","serviceAccount":"projects/buspulse-493407/serviceAccounts/437939176994-compute@developer.gserviceaccount.com","automaticUpdatePolicy":{}},"serviceConfig":{"service":"projects/buspulse-493407/locations/asia-southeast1/services/notifyapproachingstudents","timeoutSeconds":60,"environmentVariables":{"FIREBASE_CONFIG":"{\"projectId\":\"buspulse-493407\",\"databaseURL\":\"https://buspulse-493407-default-rtdb.asia-southeast1.firebasedatabase.app\",\"storageBucket\":\"buspulse-493407.firebasestorage.app\"}","GCLOUD_PROJECT":"buspulse-493407","EVENTARC_CLOUD_EVENT_SOURCE":"projects/buspulse-493407/locations/asia-southeast1/services/notifyApproachingStudents","FUNCTION_SIGNATURE_TYPE":"cloudevent","FUNCTION_TARGET":"notifyApproachingStudents","LOG_EXECUTION_ID":"true"},"ingressSettings":"ALLOW_ALL","uri":"https://notifyapproachingstudents-vqkowsql7a-as.a.run.app","serviceAccountEmail":"437939176994-compute@developer.gserviceaccount.com","availableMemory":"256Mi","allTrafficOnLatestRevision":true,"revision":"notifyapproachingstudents-00001-quv","maxInstanceRequestConcurrency":80,"availableCpu":"1"},"eventTrigger":{"trigger":"projects/buspulse-493407/locations/asia-southeast1/triggers/notifyapproachingstudents-808527","triggerRegion":"asia-southeast1","eventType":"google.firebase.database.ref.v1.written","eventFilters":[{"attribute":"instance","value":"*","operator":"match-path-pattern"},{"attribute":"ref","value":"busLocations/{busId}","operator":"match-path-pattern"}],"pubsubTopic":"projects/buspulse-493407/topics/eventarc-asia-southeast1-notifyapproachingstudents-808527-438","serviceAccountEmail":"437939176994-compute@developer.gserviceaccount.com","retryPolicy":"RETRY_POLICY_DO_NOT_RETRY"},"state":"ACTIVE","updateTime":"2026-05-04T11:42:01.880289476Z","labels":{"deployment-tool":"cli-firebase","firebase-functions-codebase":"buspulse-aggregator","firebase-functions-hash":"91af0f9416bdd5a9612c1b49786bb83f24543f93"},"environment":"GEN_2","url":"https://asia-southeast1-buspulse-493407.cloudfunctions.net/notifyApproachingStudents","satisfiesPzs":true,"createTime":"2026-05-04T11:41:27.770821577Z","satisfiesPzi":true},{"name":"projects/buspulse-493407/locations/asia-southeast1/functions/detectAnomalies","buildConfig":{"build":"projects/437939176994/locations/asia-southeast1/builds/a3d5c706-d5b3-4149-a1c1-f220e9863b4f","runtime":"nodejs20","entryPoint":"detectAnomalies","source":{"storageSource":{"bucket":"gcf-v2-sources-437939176994-asia-southeast1","object":"detectAnomalies/function-source.zip","generation":"1777894801399946"}},"environmentVariables":{"GOOGLE_NODE_RUN_SCRIPTS":""},"dockerRepository":"projects/buspulse-493407/locations/asia-southeast1/repositories/gcf-artifacts","sourceProvenance":{"resolvedStorageSource":{"bucket":"gcf-v2-sources-437939176994-asia-southeast1","object":"detectAnomalies/function-source.zip","generation":"1777894801399946"}},"dockerRegistry":"ARTIFACT_REGISTRY","serviceAccount":"projects/buspulse-493407/serviceAccounts/437939176994-compute@developer.gserviceaccount.com","automaticUpdatePolicy":{}},"serviceConfig":{"service":"projects/buspulse-493407/locations/asia-southeast1/services/detectanomalies","timeoutSeconds":60,"environmentVariables":{"FIREBASE_CONFIG":"{\"projectId\":\"buspulse-493407\",\"databaseURL\":\"https://buspulse-493407-default-rtdb.asia-southeast1.firebasedatabase.app\",\"storageBucket\":\"buspulse-493407.firebasestorage.app\"}","GCLOUD_PROJECT":"buspulse-493407","EVENTARC_CLOUD_EVENT_SOURCE":"projects/buspulse-493407/locations/asia-southeast1/services/detectAnomalies","FUNCTION_TARGET":"detectAnomalies","LOG_EXECUTION_ID":"true"},"ingressSettings":"ALLOW_ALL","uri":"https://detectanomalies-vqkowsql7a-as.a.run.app","serviceAccountEmail":"437939176994-compute@developer.gserviceaccount.com","availableMemory":"256Mi","allTrafficOnLatestRevision":true,"revision":"detectanomalies-00001-teh","maxInstanceRequestConcurrency":80,"availableCpu":"1"},"state":"ACTIVE","updateTime":"2026-05-04T11:41:23.425694883Z","labels":{"deployment-tool":"cli-firebase","deployment-scheduled":"true","firebase-functions-codebase":"buspulse-aggregator","firebase-functions-hash":"91af0f9416bdd5a9612c1b49786bb83f24543f93"},"environment":"GEN_2","url":"https://asia-southeast1-buspulse-493407.cloudfunctions.net/detectAnomalies","satisfiesPzs":true,"createTime":"2026-05-04T11:40:02.531429156Z","satisfiesPzi":true},{"name":"projects/buspulse-493407/locations/asia-southeast1/functions/aggregateBusLocation","buildConfig":{"build":"projects/437939176994/locations/asia-southeast1/builds/a3d5c706-d5b3-4149-a1c1-f220e9863b4f","runtime":"nodejs20","entryPoint":"aggregateBusLocation","source":{"storageSource":{"bucket":"gcf-v2-sources-437939176994-asia-southeast1","object":"aggregateBusLocation/function-source.zip","generation":"1777894882567232"}},"environmentVariables":{"GOOGLE_NODE_RUN_SCRIPTS":""},"dockerRepository":"projects/buspulse-493407/locations/asia-southeast1/repositories/gcf-artifacts","sourceProvenance":{"resolvedStorageSource":{"bucket":"gcf-v2-sources-437939176994-asia-southeast1","object":"aggregateBusLocation/function-source.zip","generation":"1777894882567232"}},"dockerRegistry":"ARTIFACT_REGISTRY","serviceAccount":"projects/buspulse-493407/serviceAccounts/437939176994-compute@developer.gserviceaccount.com","automaticUpdatePolicy":{}},"serviceConfig":{"service":"projects/buspulse-493407/locations/asia-southeast1/services/aggregatebuslocation","timeoutSeconds":60,"environmentVariables":{"FIREBASE_CONFIG":"{\"projectId\":\"buspulse-493407\",\"databaseURL\":\"https://buspulse-493407-default-rtdb.asia-southeast1.firebasedatabase.app\",\"storageBucket\":\"buspulse-493407.firebasestorage.app\"}","GCLOUD_PROJECT":"buspulse-493407","EVENTARC_CLOUD_EVENT_SOURCE":"projects/buspulse-493407/locations/asia-southeast1/services/aggregateBusLocation","FUNCTION_SIGNATURE_TYPE":"cloudevent","FUNCTION_TARGET":"aggregateBusLocation","LOG_EXECUTION_ID":"true"},"ingressSettings":"ALLOW_ALL","uri":"https://aggregatebuslocation-vqkowsql7a-as.a.run.app","serviceAccountEmail":"437939176994-compute@developer.gserviceaccount.com","availableMemory":"256Mi","allTrafficOnLatestRevision":true,"revision":"aggregatebuslocation-00001-noz","maxInstanceRequestConcurrency":80,"availableCpu":"1"},"eventTrigger":{"trigger":"projects/buspulse-493407/locations/asia-southeast1/triggers/aggregatebuslocation-496244","triggerRegion":"asia-southeast1","eventType":"google.firebase.database.ref.v1.written","eventFilters":[{"attribute":"instance","value":"*","operator":"match-path-pattern"},{"attribute":"ref","value":"trackerCandidates/{busId}/{uuid}","operator":"match-path-pattern"}],"pubsubTopic":"projects/buspulse-493407/topics/eventarc-asia-southeast1-aggregatebuslocation-496244-214","serviceAccountEmail":"437939176994-compute@developer.gserviceaccount.com","retryPolicy":"RETRY_POLICY_DO_NOT_RETRY"},"state":"ACTIVE","updateTime":"2026-05-04T11:42:02.622920341Z","labels":{"deployment-tool":"cli-firebase","firebase-functions-codebase":"buspulse-aggregator","firebase-functions-hash":"91af0f9416bdd5a9612c1b49786bb83f24543f93"},"environment":"GEN_2","url":"https://asia-southeast1-buspulse-493407.cloudfunctions.net/aggregateBusLocation","satisfiesPzs":true,"createTime":"2026-05-04T11:41:27.843393962Z","satisfiesPzi":true}]}
[info] i  functions: ensuring required API cloudscheduler.googleapis.com is enabled... 
[info] i  functions: ensuring required API run.googleapis.com is enabled... 
[info] i  functions: ensuring required API eventarc.googleapis.com is enabled... 
[info] i  functions: ensuring required API pubsub.googleapis.com is enabled... 
[info] i  functions: ensuring required API storage.googleapis.com is enabled... 
[info] i  functions: generating the service identity for pubsub.googleapis.com... 
[debug] [2026-05-04T11:44:46.888Z] No OAuth tokens found
[info] i  functions: generating the service identity for eventarc.googleapis.com... 
[debug] [2026-05-04T11:44:46.888Z] No OAuth tokens found
[debug] [2026-05-04T11:44:46.889Z] >>> [apiv2][query] POST https://serviceusage.googleapis.com/v1beta1/projects/437939176994/services/pubsub.googleapis.com:generateServiceIdentity [none]
[debug] [2026-05-04T11:44:46.889Z] >>> [apiv2][(partial)header] POST https://serviceusage.googleapis.com/v1beta1/projects/437939176994/services/pubsub.googleapis.com:generateServiceIdentity  x-goog-user-project=437939176994
[debug] [2026-05-04T11:44:46.889Z] >>> [apiv2][body] POST https://serviceusage.googleapis.com/v1beta1/projects/437939176994/services/pubsub.googleapis.com:generateServiceIdentity {}
[debug] [2026-05-04T11:44:46.892Z] >>> [apiv2][query] POST https://serviceusage.googleapis.com/v1beta1/projects/437939176994/services/eventarc.googleapis.com:generateServiceIdentity [none]
[debug] [2026-05-04T11:44:46.892Z] >>> [apiv2][(partial)header] POST https://serviceusage.googleapis.com/v1beta1/projects/437939176994/services/eventarc.googleapis.com:generateServiceIdentity  x-goog-user-project=437939176994
[debug] [2026-05-04T11:44:46.892Z] >>> [apiv2][body] POST https://serviceusage.googleapis.com/v1beta1/projects/437939176994/services/eventarc.googleapis.com:generateServiceIdentity {}
[debug] [2026-05-04T11:44:48.896Z] <<< [apiv2][status] POST https://serviceusage.googleapis.com/v1beta1/projects/437939176994/services/pubsub.googleapis.com:generateServiceIdentity 200
[debug] [2026-05-04T11:44:48.896Z] <<< [apiv2][body] POST https://serviceusage.googleapis.com/v1beta1/projects/437939176994/services/pubsub.googleapis.com:generateServiceIdentity {"name":"operations/finished.DONE_OPERATION","done":true,"response":{"@type":"type.googleapis.com/google.api.serviceusage.v1beta1.ServiceIdentity","email":"service-437939176994@gcp-sa-pubsub.iam.gserviceaccount.com","uniqueId":"106168005595909486375"}}
[debug] [2026-05-04T11:44:48.896Z] <<< [apiv2][status] POST https://serviceusage.googleapis.com/v1beta1/projects/437939176994/services/eventarc.googleapis.com:generateServiceIdentity 200
[debug] [2026-05-04T11:44:48.896Z] <<< [apiv2][body] POST https://serviceusage.googleapis.com/v1beta1/projects/437939176994/services/eventarc.googleapis.com:generateServiceIdentity {"name":"operations/finished.DONE_OPERATION","done":true,"response":{"@type":"type.googleapis.com/google.api.serviceusage.v1beta1.ServiceIdentity","email":"service-437939176994@gcp-sa-eventarc.iam.gserviceaccount.com","uniqueId":"108915671592208727192"}}
[debug] [2026-05-04T11:44:48.901Z] No OAuth tokens found
[debug] [2026-05-04T11:44:48.901Z] >>> [apiv2][query] GET https://cloudresourcemanager.googleapis.com/v1/projects/buspulse-493407 [none]
[debug] [2026-05-04T11:44:50.462Z] <<< [apiv2][status] GET https://cloudresourcemanager.googleapis.com/v1/projects/buspulse-493407 200
[debug] [2026-05-04T11:44:50.462Z] <<< [apiv2][body] GET https://cloudresourcemanager.googleapis.com/v1/projects/buspulse-493407 {"projectNumber":"437939176994","projectId":"buspulse-493407","lifecycleState":"ACTIVE","name":"BusPulse","labels":{"firebase":"enabled","firebase-core":"disabled"},"createTime":"2026-04-15T07:23:51.999Z"}
[debug] [2026-05-04T11:44:50.463Z] No OAuth tokens found
[debug] [2026-05-04T11:44:50.463Z] >>> [apiv2][query] GET https://compute.googleapis.com/compute/v1/projects/437939176994 [none]
[debug] [2026-05-04T11:44:51.097Z] <<< [apiv2][status] GET https://compute.googleapis.com/compute/v1/projects/437939176994 403
[debug] [2026-05-04T11:44:51.097Z] <<< [apiv2][body] GET https://compute.googleapis.com/compute/v1/projects/437939176994 {"error":{"code":403,"message":"Compute Engine API has not been used in project 437939176994 before or it is disabled. Enable it by visiting https://console.developers.google.com/apis/api/compute.googleapis.com/overview?project=437939176994 then retry. If you enabled this API recently, wait a few minutes for the action to propagate to our systems and retry.","errors":[{"message":"Compute Engine API has not been used in project 437939176994 before or it is disabled. Enable it by visiting https://console.developers.google.com/apis/api/compute.googleapis.com/overview?project=437939176994 then retry. If you enabled this API recently, wait a few minutes for the action to propagate to our systems and retry.","domain":"usageLimits","reason":"accessNotConfigured","extendedHelp":"https://console.developers.google.com"}],"status":"PERMISSION_DENIED","details":[{"@type":"type.googleapis.com/google.rpc.ErrorInfo","reason":"SERVICE_DISABLED","domain":"googleapis.com","metadata":{"serviceTitle":"Compute Engine API","activationUrl":"https://console.developers.google.com/apis/api/compute.googleapis.com/overview?project=437939176994","containerInfo":"437939176994","consumer":"projects/437939176994","service":"compute.googleapis.com"}},{"@type":"type.googleapis.com/google.rpc.LocalizedMessage","locale":"en-US","message":"Compute Engine API has not been used in project 437939176994 before or it is disabled. Enable it by visiting https://console.developers.google.com/apis/api/compute.googleapis.com/overview?project=437939176994 then retry. If you enabled this API recently, wait a few minutes for the action to propagate to our systems and retry."},{"@type":"type.googleapis.com/google.rpc.Help","links":[{"description":"Google developers console API activation","url":"https://console.developers.google.com/apis/api/compute.googleapis.com/overview?project=437939176994"}]}]}}
[debug] [2026-05-04T11:44:51.098Z] unable to look up default compute service account. Falling back to 437939176994-compute@developer.gserviceaccount.com. Error: {"name":"FirebaseError","children":[],"context":{"body":{"error":{"code":403,"message":"Compute Engine API has not been used in project 437939176994 before or it is disabled. Enable it by visiting https://console.developers.google.com/apis/api/compute.googleapis.com/overview?project=437939176994 then retry. If you enabled this API recently, wait a few minutes for the action to propagate to our systems and retry.","errors":[{"message":"Compute Engine API has not been used in project 437939176994 before or it is disabled. Enable it by visiting https://console.developers.google.com/apis/api/compute.googleapis.com/overview?project=437939176994 then retry. If you enabled this API recently, wait a few minutes for the action to propagate to our systems and retry.","domain":"usageLimits","reason":"accessNotConfigured","extendedHelp":"https://console.developers.google.com"}],"status":"PERMISSION_DENIED","details":[{"@type":"type.googleapis.com/google.rpc.ErrorInfo","reason":"SERVICE_DISABLED","domain":"googleapis.com","metadata":{"serviceTitle":"Compute Engine API","activationUrl":"https://console.developers.google.com/apis/api/compute.googleapis.com/overview?project=437939176994","containerInfo":"437939176994","consumer":"projects/437939176994","service":"compute.googleapis.com"}},{"@type":"type.googleapis.com/google.rpc.LocalizedMessage","locale":"en-US","message":"Compute Engine API has not been used in project 437939176994 before or it is disabled. Enable it by visiting https://console.developers.google.com/apis/api/compute.googleapis.com/overview?project=437939176994 then retry. If you enabled this API recently, wait a few minutes for the action to propagate to our systems and retry."},{"@type":"type.googleapis.com/google.rpc.Help","links":[{"description":"Google developers console API activation","url":"https://console.developers.google.com/apis/api/compute.googleapis.com/overview?project=437939176994"}]}]}},"response":{"statusCode":403}},"exit":1,"message":"Request to https://compute.googleapis.com/compute/v1/projects/437939176994 had HTTP Error: 403, Compute Engine API has not been used in project 437939176994 before or it is disabled. Enable it by visiting https://console.developers.google.com/apis/api/compute.googleapis.com/overview?project=437939176994 then retry. If you enabled this API recently, wait a few minutes for the action to propagate to our systems and retry.","status":403}
[debug] [2026-05-04T11:44:51.099Z] No OAuth tokens found
[debug] [2026-05-04T11:44:51.099Z] >>> [apiv2][query] GET https://compute.googleapis.com/compute/v1/projects/437939176994 [none]
[debug] [2026-05-04T11:44:51.421Z] <<< [apiv2][status] GET https://compute.googleapis.com/compute/v1/projects/437939176994 403
[debug] [2026-05-04T11:44:51.421Z] <<< [apiv2][body] GET https://compute.googleapis.com/compute/v1/projects/437939176994 {"error":{"code":403,"message":"Compute Engine API has not been used in project 437939176994 before or it is disabled. Enable it by visiting https://console.developers.google.com/apis/api/compute.googleapis.com/overview?project=437939176994 then retry. If you enabled this API recently, wait a few minutes for the action to propagate to our systems and retry.","errors":[{"message":"Compute Engine API has not been used in project 437939176994 before or it is disabled. Enable it by visiting https://console.developers.google.com/apis/api/compute.googleapis.com/overview?project=437939176994 then retry. If you enabled this API recently, wait a few minutes for the action to propagate to our systems and retry.","domain":"usageLimits","reason":"accessNotConfigured","extendedHelp":"https://console.developers.google.com"}],"status":"PERMISSION_DENIED","details":[{"@type":"type.googleapis.com/google.rpc.ErrorInfo","reason":"SERVICE_DISABLED","domain":"googleapis.com","metadata":{"activationUrl":"https://console.developers.google.com/apis/api/compute.googleapis.com/overview?project=437939176994","service":"compute.googleapis.com","serviceTitle":"Compute Engine API","consumer":"projects/437939176994","containerInfo":"437939176994"}},{"@type":"type.googleapis.com/google.rpc.LocalizedMessage","locale":"en-US","message":"Compute Engine API has not been used in project 437939176994 before or it is disabled. Enable it by visiting https://console.developers.google.com/apis/api/compute.googleapis.com/overview?project=437939176994 then retry. If you enabled this API recently, wait a few minutes for the action to propagate to our systems and retry."},{"@type":"type.googleapis.com/google.rpc.Help","links":[{"description":"Google developers console API activation","url":"https://console.developers.google.com/apis/api/compute.googleapis.com/overview?project=437939176994"}]}]}}
[debug] [2026-05-04T11:44:51.422Z] unable to look up default compute service account. Falling back to 437939176994-compute@developer.gserviceaccount.com. Error: {"name":"FirebaseError","children":[],"context":{"body":{"error":{"code":403,"message":"Compute Engine API has not been used in project 437939176994 before or it is disabled. Enable it by visiting https://console.developers.google.com/apis/api/compute.googleapis.com/overview?project=437939176994 then retry. If you enabled this API recently, wait a few minutes for the action to propagate to our systems and retry.","errors":[{"message":"Compute Engine API has not been used in project 437939176994 before or it is disabled. Enable it by visiting https://console.developers.google.com/apis/api/compute.googleapis.com/overview?project=437939176994 then retry. If you enabled this API recently, wait a few minutes for the action to propagate to our systems and retry.","domain":"usageLimits","reason":"accessNotConfigured","extendedHelp":"https://console.developers.google.com"}],"status":"PERMISSION_DENIED","details":[{"@type":"type.googleapis.com/google.rpc.ErrorInfo","reason":"SERVICE_DISABLED","domain":"googleapis.com","metadata":{"activationUrl":"https://console.developers.google.com/apis/api/compute.googleapis.com/overview?project=437939176994","service":"compute.googleapis.com","serviceTitle":"Compute Engine API","consumer":"projects/437939176994","containerInfo":"437939176994"}},{"@type":"type.googleapis.com/google.rpc.LocalizedMessage","locale":"en-US","message":"Compute Engine API has not been used in project 437939176994 before or it is disabled. Enable it by visiting https://console.developers.google.com/apis/api/compute.googleapis.com/overview?project=437939176994 then retry. If you enabled this API recently, wait a few minutes for the action to propagate to our systems and retry."},{"@type":"type.googleapis.com/google.rpc.Help","links":[{"description":"Google developers console API activation","url":"https://console.developers.google.com/apis/api/compute.googleapis.com/overview?project=437939176994"}]}]}},"response":{"statusCode":403}},"exit":1,"message":"Request to https://compute.googleapis.com/compute/v1/projects/437939176994 had HTTP Error: 403, Compute Engine API has not been used in project 437939176994 before or it is disabled. Enable it by visiting https://console.developers.google.com/apis/api/compute.googleapis.com/overview?project=437939176994 then retry. If you enabled this API recently, wait a few minutes for the action to propagate to our systems and retry.","status":403}
[debug] [2026-05-04T11:44:51.422Z] No OAuth tokens found
[debug] [2026-05-04T11:44:51.423Z] >>> [apiv2][query] GET https://compute.googleapis.com/compute/v1/projects/437939176994 [none]
[debug] [2026-05-04T11:44:51.795Z] <<< [apiv2][status] GET https://compute.googleapis.com/compute/v1/projects/437939176994 403
[debug] [2026-05-04T11:44:51.795Z] <<< [apiv2][body] GET https://compute.googleapis.com/compute/v1/projects/437939176994 {"error":{"code":403,"message":"Compute Engine API has not been used in project 437939176994 before or it is disabled. Enable it by visiting https://console.developers.google.com/apis/api/compute.googleapis.com/overview?project=437939176994 then retry. If you enabled this API recently, wait a few minutes for the action to propagate to our systems and retry.","errors":[{"message":"Compute Engine API has not been used in project 437939176994 before or it is disabled. Enable it by visiting https://console.developers.google.com/apis/api/compute.googleapis.com/overview?project=437939176994 then retry. If you enabled this API recently, wait a few minutes for the action to propagate to our systems and retry.","domain":"usageLimits","reason":"accessNotConfigured","extendedHelp":"https://console.developers.google.com"}],"status":"PERMISSION_DENIED","details":[{"@type":"type.googleapis.com/google.rpc.ErrorInfo","reason":"SERVICE_DISABLED","domain":"googleapis.com","metadata":{"serviceTitle":"Compute Engine API","containerInfo":"437939176994","service":"compute.googleapis.com","consumer":"projects/437939176994","activationUrl":"https://console.developers.google.com/apis/api/compute.googleapis.com/overview?project=437939176994"}},{"@type":"type.googleapis.com/google.rpc.LocalizedMessage","locale":"en-US","message":"Compute Engine API has not been used in project 437939176994 before or it is disabled. Enable it by visiting https://console.developers.google.com/apis/api/compute.googleapis.com/overview?project=437939176994 then retry. If you enabled this API recently, wait a few minutes for the action to propagate to our systems and retry."},{"@type":"type.googleapis.com/google.rpc.Help","links":[{"description":"Google developers console API activation","url":"https://console.developers.google.com/apis/api/compute.googleapis.com/overview?project=437939176994"}]}]}}
[debug] [2026-05-04T11:44:51.796Z] unable to look up default compute service account. Falling back to 437939176994-compute@developer.gserviceaccount.com. Error: {"name":"FirebaseError","children":[],"context":{"body":{"error":{"code":403,"message":"Compute Engine API has not been used in project 437939176994 before or it is disabled. Enable it by visiting https://console.developers.google.com/apis/api/compute.googleapis.com/overview?project=437939176994 then retry. If you enabled this API recently, wait a few minutes for the action to propagate to our systems and retry.","errors":[{"message":"Compute Engine API has not been used in project 437939176994 before or it is disabled. Enable it by visiting https://console.developers.google.com/apis/api/compute.googleapis.com/overview?project=437939176994 then retry. If you enabled this API recently, wait a few minutes for the action to propagate to our systems and retry.","domain":"usageLimits","reason":"accessNotConfigured","extendedHelp":"https://console.developers.google.com"}],"status":"PERMISSION_DENIED","details":[{"@type":"type.googleapis.com/google.rpc.ErrorInfo","reason":"SERVICE_DISABLED","domain":"googleapis.com","metadata":{"serviceTitle":"Compute Engine API","containerInfo":"437939176994","service":"compute.googleapis.com","consumer":"projects/437939176994","activationUrl":"https://console.developers.google.com/apis/api/compute.googleapis.com/overview?project=437939176994"}},{"@type":"type.googleapis.com/google.rpc.LocalizedMessage","locale":"en-US","message":"Compute Engine API has not been used in project 437939176994 before or it is disabled. Enable it by visiting https://console.developers.google.com/apis/api/compute.googleapis.com/overview?project=437939176994 then retry. If you enabled this API recently, wait a few minutes for the action to propagate to our systems and retry."},{"@type":"type.googleapis.com/google.rpc.Help","links":[{"description":"Google developers console API activation","url":"https://console.developers.google.com/apis/api/compute.googleapis.com/overview?project=437939176994"}]}]}},"response":{"statusCode":403}},"exit":1,"message":"Request to https://compute.googleapis.com/compute/v1/projects/437939176994 had HTTP Error: 403, Compute Engine API has not been used in project 437939176994 before or it is disabled. Enable it by visiting https://console.developers.google.com/apis/api/compute.googleapis.com/overview?project=437939176994 then retry. If you enabled this API recently, wait a few minutes for the action to propagate to our systems and retry.","status":403}
[debug] [2026-05-04T11:44:51.796Z] No OAuth tokens found
[debug] [2026-05-04T11:44:51.797Z] >>> [apiv2][query] GET https://compute.googleapis.com/compute/v1/projects/437939176994 [none]
[debug] [2026-05-04T11:44:52.129Z] <<< [apiv2][status] GET https://compute.googleapis.com/compute/v1/projects/437939176994 403
[debug] [2026-05-04T11:44:52.129Z] <<< [apiv2][body] GET https://compute.googleapis.com/compute/v1/projects/437939176994 {"error":{"code":403,"message":"Compute Engine API has not been used in project 437939176994 before or it is disabled. Enable it by visiting https://console.developers.google.com/apis/api/compute.googleapis.com/overview?project=437939176994 then retry. If you enabled this API recently, wait a few minutes for the action to propagate to our systems and retry.","errors":[{"message":"Compute Engine API has not been used in project 437939176994 before or it is disabled. Enable it by visiting https://console.developers.google.com/apis/api/compute.googleapis.com/overview?project=437939176994 then retry. If you enabled this API recently, wait a few minutes for the action to propagate to our systems and retry.","domain":"usageLimits","reason":"accessNotConfigured","extendedHelp":"https://console.developers.google.com"}],"status":"PERMISSION_DENIED","details":[{"@type":"type.googleapis.com/google.rpc.ErrorInfo","reason":"SERVICE_DISABLED","domain":"googleapis.com","metadata":{"consumer":"projects/437939176994","serviceTitle":"Compute Engine API","activationUrl":"https://console.developers.google.com/apis/api/compute.googleapis.com/overview?project=437939176994","containerInfo":"437939176994","service":"compute.googleapis.com"}},{"@type":"type.googleapis.com/google.rpc.LocalizedMessage","locale":"en-US","message":"Compute Engine API has not been used in project 437939176994 before or it is disabled. Enable it by visiting https://console.developers.google.com/apis/api/compute.googleapis.com/overview?project=437939176994 then retry. If you enabled this API recently, wait a few minutes for the action to propagate to our systems and retry."},{"@type":"type.googleapis.com/google.rpc.Help","links":[{"description":"Google developers console API activation","url":"https://console.developers.google.com/apis/api/compute.googleapis.com/overview?project=437939176994"}]}]}}
[debug] [2026-05-04T11:44:52.129Z] unable to look up default compute service account. Falling back to 437939176994-compute@developer.gserviceaccount.com. Error: {"name":"FirebaseError","children":[],"context":{"body":{"error":{"code":403,"message":"Compute Engine API has not been used in project 437939176994 before or it is disabled. Enable it by visiting https://console.developers.google.com/apis/api/compute.googleapis.com/overview?project=437939176994 then retry. If you enabled this API recently, wait a few minutes for the action to propagate to our systems and retry.","errors":[{"message":"Compute Engine API has not been used in project 437939176994 before or it is disabled. Enable it by visiting https://console.developers.google.com/apis/api/compute.googleapis.com/overview?project=437939176994 then retry. If you enabled this API recently, wait a few minutes for the action to propagate to our systems and retry.","domain":"usageLimits","reason":"accessNotConfigured","extendedHelp":"https://console.developers.google.com"}],"status":"PERMISSION_DENIED","details":[{"@type":"type.googleapis.com/google.rpc.ErrorInfo","reason":"SERVICE_DISABLED","domain":"googleapis.com","metadata":{"consumer":"projects/437939176994","serviceTitle":"Compute Engine API","activationUrl":"https://console.developers.google.com/apis/api/compute.googleapis.com/overview?project=437939176994","containerInfo":"437939176994","service":"compute.googleapis.com"}},{"@type":"type.googleapis.com/google.rpc.LocalizedMessage","locale":"en-US","message":"Compute Engine API has not been used in project 437939176994 before or it is disabled. Enable it by visiting https://console.developers.google.com/apis/api/compute.googleapis.com/overview?project=437939176994 then retry. If you enabled this API recently, wait a few minutes for the action to propagate to our systems and retry."},{"@type":"type.googleapis.com/google.rpc.Help","links":[{"description":"Google developers console API activation","url":"https://console.developers.google.com/apis/api/compute.googleapis.com/overview?project=437939176994"}]}]}},"response":{"statusCode":403}},"exit":1,"message":"Request to https://compute.googleapis.com/compute/v1/projects/437939176994 had HTTP Error: 403, Compute Engine API has not been used in project 437939176994 before or it is disabled. Enable it by visiting https://console.developers.google.com/apis/api/compute.googleapis.com/overview?project=437939176994 then retry. If you enabled this API recently, wait a few minutes for the action to propagate to our systems and retry.","status":403}
[debug] [2026-05-04T11:44:52.131Z] No OAuth tokens found
[debug] [2026-05-04T11:44:52.131Z] >>> [apiv2][query] GET https://cloudbilling.googleapis.com/v1/projects/buspulse-493407/billingInfo [none]
[debug] [2026-05-04T11:44:57.776Z] <<< [apiv2][status] GET https://cloudbilling.googleapis.com/v1/projects/buspulse-493407/billingInfo 200
[debug] [2026-05-04T11:44:57.776Z] <<< [apiv2][body] GET https://cloudbilling.googleapis.com/v1/projects/buspulse-493407/billingInfo {"name":"projects/buspulse-493407/billingInfo","projectId":"buspulse-493407","billingAccountName":"billingAccounts/01FA8F-F81EBF-A10151","billingEnabled":true}
[debug] [2026-05-04T11:44:57.779Z] No OAuth tokens found
[debug] [2026-05-04T11:44:57.779Z] >>> [apiv2][query] POST https://cloudfunctions.googleapis.com/v2/projects/buspulse-493407/locations/asia-southeast1/functions:generateUploadUrl [none]
[debug] [2026-05-04T11:44:58.245Z] <<< [apiv2][status] POST https://cloudfunctions.googleapis.com/v2/projects/buspulse-493407/locations/asia-southeast1/functions:generateUploadUrl 200
[debug] [2026-05-04T11:44:58.245Z] <<< [apiv2][body] POST https://cloudfunctions.googleapis.com/v2/projects/buspulse-493407/locations/asia-southeast1/functions:generateUploadUrl {"uploadUrl":"https://storage.googleapis.com/gcf-v2-uploads-437939176994.asia-southeast1.cloudfunctions.appspot.com/b51d7bd9-d3ad-4fa8-b577-30cc369db356.zip?GoogleAccessId=service-437939176994@gcf-admin-robot.iam.gserviceaccount.com&Expires=1777896898&Signature=DW8WmC6Rd3m6g4t1wtQW1QTaNeEryH%2FMEEWydTcfjNizTtz7%2BgSZvVzNpVFLZSqgEFM1VYTK%2Bc5E9GUIWgjgWMZpjjnCCEyzyyg4%2BG0TTlvUJAhPKblarmqdSpQOIug8KZZjWPjTG0DGiWq%2FSVSIHKvEb42N97cPHutcgkUSoTfYJOfRko%2FDr9cBIdWpkpIQGl3LGJGomksGmKcyrxThNz4pgp28VexWbhFFiPAl51Bw4VdT%2FHE5cXijAjkoEFt4RmzlXXp4eF%2Be1JdsZeAc4JZiw0mIxrkz2JIouoQFBba8jcRIRCSYkTZgWDuMFrdLSB6QyUEoUtWFfUuJty7MWA%3D%3D","storageSource":{"bucket":"gcf-v2-uploads-437939176994.asia-southeast1.cloudfunctions.appspot.com","object":"b51d7bd9-d3ad-4fa8-b577-30cc369db356.zip"}}
[debug] [2026-05-04T11:44:58.247Z] >>> [apiv2][query] PUT https://storage.googleapis.com/gcf-v2-uploads-437939176994.asia-southeast1.cloudfunctions.appspot.com/b51d7bd9-d3ad-4fa8-b577-30cc369db356.zip GoogleAccessId=service-437939176994%40gcf-admin-robot.iam.gserviceaccount.com&Expires=1777896898&Signature=DW8WmC6Rd3m6g4t1wtQW1QTaNeEryH%2FMEEWydTcfjNizTtz7%2BgSZvVzNpVFLZSqgEFM1VYTK%2Bc5E9GUIWgjgWMZpjjnCCEyzyyg4%2BG0TTlvUJAhPKblarmqdSpQOIug8KZZjWPjTG0DGiWq%2FSVSIHKvEb42N97cPHutcgkUSoTfYJOfRko%2FDr9cBIdWpkpIQGl3LGJGomksGmKcyrxThNz4pgp28VexWbhFFiPAl51Bw4VdT%2FHE5cXijAjkoEFt4RmzlXXp4eF%2Be1JdsZeAc4JZiw0mIxrkz2JIouoQFBba8jcRIRCSYkTZgWDuMFrdLSB6QyUEoUtWFfUuJty7MWA%3D%3D
[debug] [2026-05-04T11:44:58.247Z] >>> [apiv2][body] PUT https://storage.googleapis.com/gcf-v2-uploads-437939176994.asia-southeast1.cloudfunctions.appspot.com/b51d7bd9-d3ad-4fa8-b577-30cc369db356.zip [stream]
[debug] [2026-05-04T11:44:59.166Z] <<< [apiv2][status] PUT https://storage.googleapis.com/gcf-v2-uploads-437939176994.asia-southeast1.cloudfunctions.appspot.com/b51d7bd9-d3ad-4fa8-b577-30cc369db356.zip 200
[debug] [2026-05-04T11:44:59.166Z] <<< [apiv2][body] PUT https://storage.googleapis.com/gcf-v2-uploads-437939176994.asia-southeast1.cloudfunctions.appspot.com/b51d7bd9-d3ad-4fa8-b577-30cc369db356.zip [omitted]
[info] ✔  functions: functions source uploaded successfully 
[info] i  functions: Skipping the deploy of unchanged functions. 
[info] 
The following functions are found in your project but do not exist in your local source code:
	buspulse-aggregator:detectAnomalies(asia-south1)

If you are renaming a function or changing its region, it is recommended that you create the new function first before deleting the old one to prevent event loss. For more info, visit https://firebase.google.com/docs/functions/manage-functions#modify

[info] ✔  functions[buspulse-aggregator:detectAnomalies(asia-southeast1)] Skipped (No changes detected) 
[info] ✔  functions[buspulse-aggregator:exportBusLocationToBigQuery(asia-southeast1)] Skipped (No changes detected) 
[info] ✔  functions[buspulse-aggregator:notifyApproachingStudents(asia-southeast1)] Skipped (No changes detected) 
[info] ✔  functions[buspulse-aggregator:aggregateBusLocation(asia-southeast1)] Skipped (No changes detected) 
[info] i  functions: deleting Node.js 20 (2nd Gen) function buspulse-aggregator:detectAnomalies(asia-south1)... 
[debug] [2026-05-04T11:45:17.857Z] No OAuth tokens found
[debug] [2026-05-04T11:45:17.859Z] >>> [apiv2][query] DELETE https://cloudscheduler.googleapis.com/v1/projects/buspulse-493407/locations/asia-south1/jobs/firebase-schedule-detectAnomalies-asia-south1 [none]
[debug] [2026-05-04T11:45:19.124Z] <<< [apiv2][status] DELETE https://cloudscheduler.googleapis.com/v1/projects/buspulse-493407/locations/asia-south1/jobs/firebase-schedule-detectAnomalies-asia-south1 404
[debug] [2026-05-04T11:45:19.124Z] <<< [apiv2][body] DELETE https://cloudscheduler.googleapis.com/v1/projects/buspulse-493407/locations/asia-south1/jobs/firebase-schedule-detectAnomalies-asia-south1 {"error":{"code":404,"message":"Resource 'projects/buspulse-493407/locations/asia-south1/jobs/firebase-schedule-detectAnomalies-asia-south1' was not found","status":"NOT_FOUND","details":[{"@type":"type.googleapis.com/google.rpc.ResourceInfo","resourceName":"projects/buspulse-493407/locations/asia-south1/jobs/firebase-schedule-detectAnomalies-asia-south1"}]}}
[error] Request to https://cloudscheduler.googleapis.com/v1/projects/buspulse-493407/locations/asia-south1/jobs/firebase-schedule-detectAnomalies-asia-south1 had HTTP Error: 404, Resource 'projects/buspulse-493407/locations/asia-south1/jobs/firebase-schedule-detectAnomalies-asia-south1' was not found
[debug] [2026-05-04T11:45:19.127Z] Total Function Deployment time: 1272
[debug] [2026-05-04T11:45:19.127Z] 1 Functions Deployed
[debug] [2026-05-04T11:45:19.127Z] 1 Functions Errored
[debug] [2026-05-04T11:45:19.127Z] 0 Function Deployments Aborted
[debug] [2026-05-04T11:45:19.127Z] Average Function Deployment time: 1269
[info] 
[info] Functions deploy had errors with the following functions:
	buspulse-aggregator:detectAnomalies(asia-south1)
[debug] [2026-05-04T11:45:19.130Z] No OAuth tokens found
[debug] [2026-05-04T11:45:19.131Z] >>> [apiv2][query] GET https://artifactregistry.googleapis.com/v1/projects/buspulse-493407/locations/asia-southeast1/repositories/gcf-artifacts [none]
[debug] [2026-05-04T11:45:19.603Z] <<< [apiv2][status] GET https://artifactregistry.googleapis.com/v1/projects/buspulse-493407/locations/asia-southeast1/repositories/gcf-artifacts 200
[debug] [2026-05-04T11:45:19.604Z] <<< [apiv2][body] GET https://artifactregistry.googleapis.com/v1/projects/buspulse-493407/locations/asia-southeast1/repositories/gcf-artifacts {"name":"projects/buspulse-493407/locations/asia-southeast1/repositories/gcf-artifacts","format":"DOCKER","description":"This repository is created and used by Cloud Functions for storing function docker images.","labels":{"goog-managed-by":"cloudfunctions"},"createTime":"2026-05-04T11:40:15.942270Z","updateTime":"2026-05-04T11:42:20.345351Z","mode":"STANDARD_REPOSITORY","cleanupPolicies":{"firebase-functions-cleanup":{"id":"firebase-functions-cleanup","action":"DELETE","condition":{"tagState":"ANY","olderThan":"86400s"}}},"sizeBytes":"97950008","satisfiesPzs":true,"vulnerabilityScanningConfig":{"lastEnableTime":"2026-05-04T11:40:02.786980684Z","enablementState":"SCANNING_DISABLED","enablementStateReason":"API containerscanning.googleapis.com is not enabled."},"satisfiesPzi":true,"registryUri":"asia-southeast1-docker.pkg.dev/buspulse-493407/gcf-artifacts"}
[debug] [2026-05-04T11:45:19.604Z] Functions deploy failed.
[debug] [2026-05-04T11:45:19.604Z] {
  "endpoint": {
    "platform": "gcfv2",
    "id": "detectAnomalies",
    "project": "buspulse-493407",
    "region": "asia-south1",
    "scheduleTrigger": {},
    "entryPoint": "detectAnomalies",
    "runtime": "nodejs20",
    "source": {
      "storageSource": {
        "bucket": "gcf-v2-sources-437939176994-asia-south1",
        "object": "detectAnomalies/function-source.zip",
        "generation": "1777894141943462"
      }
    },
    "ingressSettings": "ALLOW_ALL",
    "environmentVariables": {
      "FIREBASE_CONFIG": "{\"projectId\":\"buspulse-493407\",\"databaseURL\":\"https://buspulse-493407-default-rtdb.asia-southeast1.firebasedatabase.app\",\"storageBucket\":\"buspulse-493407.firebasestorage.app\"}",
      "GCLOUD_PROJECT": "buspulse-493407",
      "EVENTARC_CLOUD_EVENT_SOURCE": "projects/buspulse-493407/locations/asia-south1/services/detectAnomalies",
      "FUNCTION_TARGET": "detectAnomalies",
      "LOG_EXECUTION_ID": "true"
    },
    "timeoutSeconds": 60,
    "uri": "https://asia-south1-buspulse-493407.cloudfunctions.net/detectAnomalies",
    "serviceAccount": "437939176994-compute@developer.gserviceaccount.com",
    "availableMemoryMb": 256,
    "cpu": 1,
    "concurrency": 80,
    "labels": {
      "deployment-tool": "cli-firebase",
      "deployment-scheduled": "true",
      "firebase-functions-codebase": "buspulse-aggregator",
      "firebase-functions-hash": "895b808ef08cda11ee30236983582ca44a770019"
    },
    "runServiceId": "detectanomalies",
    "codebase": "buspulse-aggregator",
    "hash": "895b808ef08cda11ee30236983582ca44a770019",
    "state": "ACTIVE"
  },
  "op": "delete schedule",
  "original": {
    "name": "FirebaseError",
    "children": [],
    "context": {
      "body": {
        "error": {
          "code": 404,
          "message": "Resource 'projects/buspulse-493407/locations/asia-south1/jobs/firebase-schedule-detectAnomalies-asia-south1' was not found",
          "status": "NOT_FOUND",
          "details": [
            {
              "@type": "type.googleapis.com/google.rpc.ResourceInfo",
              "resourceName": "projects/buspulse-493407/locations/asia-south1/jobs/firebase-schedule-detectAnomalies-asia-south1"
            }
          ]
        }
      },
      "response": {
        "statusCode": 404
      }
    },
    "exit": 1,
    "message": "Request to https://cloudscheduler.googleapis.com/v1/projects/buspulse-493407/locations/asia-south1/jobs/firebase-schedule-detectAnomalies-asia-south1 had HTTP Error: 404, Resource 'projects/buspulse-493407/locations/asia-south1/jobs/firebase-schedule-detectAnomalies-asia-south1' was not found",
    "status": 404,
    "code": 404
  }
}
[debug] [2026-05-04T11:45:19.608Z] Error: Failed to delete schedule function detectAnomalies in region asia-south1
    at /home/p4cketsn1ff3r/.npm/_npx/7750544ccf494d8b/node_modules/firebase-tools/lib/deploy/functions/release/fabricator.js:54:11
    at process.processTicksAndRejections (node:internal/process/task_queues:103:5)
    at async Fabricator.deleteScheduleV2 (/home/p4cketsn1ff3r/.npm/_npx/7750544ccf494d8b/node_modules/firebase-tools/lib/deploy/functions/release/fabricator.js:727:9)
    at async Fabricator.deleteTrigger (/home/p4cketsn1ff3r/.npm/_npx/7750544ccf494d8b/node_modules/firebase-tools/lib/deploy/functions/release/fabricator.js:666:17)
    at async Fabricator.deleteEndpoint (/home/p4cketsn1ff3r/.npm/_npx/7750544ccf494d8b/node_modules/firebase-tools/lib/deploy/functions/release/fabricator.js:185:9)
    at async Fabricator.wrapOperation (/home/p4cketsn1ff3r/.npm/_npx/7750544ccf494d8b/node_modules/firebase-tools/lib/deploy/functions/release/fabricator.js:138:13)
    at async Promise.all (index 0)
    at async Promise.allSettled (index 1)
    at async Fabricator.applyPlan (/home/p4cketsn1ff3r/.npm/_npx/7750544ccf494d8b/node_modules/firebase-tools/lib/deploy/functions/release/fabricator.js:99:36)
    at async release (/home/p4cketsn1ff3r/.npm/_npx/7750544ccf494d8b/node_modules/firebase-tools/lib/deploy/functions/release/index.js:87:21)
[error] 
[error] Error: There was an error deploying functions
