[debug] [2026-05-04T11:37:01.200Z] ----------------------------------------------------------------------
[debug] [2026-05-04T11:37:01.202Z] Command:       /usr/bin/node /home/p4cketsn1ff3r/.npm/_npx/7750544ccf494d8b/node_modules/.bin/firebase database:instances:list --project buspulse-493407
[debug] [2026-05-04T11:37:01.203Z] CLI Version:   15.16.0
[debug] [2026-05-04T11:37:01.203Z] Platform:      linux
[debug] [2026-05-04T11:37:01.203Z] Node Version:  v22.22.2
[debug] [2026-05-04T11:37:01.203Z] Time:          Mon May 04 2026 17:07:01 GMT+0530 (India Standard Time)
[debug] [2026-05-04T11:37:01.203Z] ----------------------------------------------------------------------
[debug] 
[debug] [2026-05-04T11:37:01.961Z] > command requires scopes: ["email","openid","https://www.googleapis.com/auth/cloudplatformprojects.readonly","https://www.googleapis.com/auth/firebase","https://www.googleapis.com/auth/cloud-platform"]
[debug] [2026-05-04T11:37:07.343Z] Running auto auth
[debug] [2026-05-04T11:37:07.344Z] [iam] checking project buspulse-493407 for permissions ["firebase.projects.get","firebasedatabase.instances.list"]
[debug] [2026-05-04T11:37:07.346Z] No OAuth tokens found
[debug] [2026-05-04T11:37:07.348Z] >>> [apiv2][query] POST https://cloudresourcemanager.googleapis.com/v1/projects/buspulse-493407:testIamPermissions [none]
[debug] [2026-05-04T11:37:07.348Z] >>> [apiv2][(partial)header] POST https://cloudresourcemanager.googleapis.com/v1/projects/buspulse-493407:testIamPermissions  x-goog-user-project=buspulse-493407
[debug] [2026-05-04T11:37:07.348Z] >>> [apiv2][body] POST https://cloudresourcemanager.googleapis.com/v1/projects/buspulse-493407:testIamPermissions {"permissions":["firebase.projects.get","firebasedatabase.instances.list"]}
[debug] [2026-05-04T11:37:08.772Z] <<< [apiv2][status] POST https://cloudresourcemanager.googleapis.com/v1/projects/buspulse-493407:testIamPermissions 200
[debug] [2026-05-04T11:37:08.773Z] <<< [apiv2][body] POST https://cloudresourcemanager.googleapis.com/v1/projects/buspulse-493407:testIamPermissions {"permissions":["firebase.projects.get","firebasedatabase.instances.list"]}
[debug] [2026-05-04T11:37:08.782Z] No OAuth tokens found
[debug] [2026-05-04T11:37:08.783Z] >>> [apiv2][query] GET https://firebasedatabase.googleapis.com/v1beta/projects/buspulse-493407/locations/-/instances pageSize=100
[debug] [2026-05-04T11:37:18.784Z] *** [apiv2] error from fetch(https://firebasedatabase.googleapis.com/v1beta/projects/buspulse-493407/locations/-/instances?pageSize=100, {"headers":{},"method":"GET","signal":{"reason":""}}): AbortError: The user aborted a request.
[debug] [2026-05-04T11:37:18.785Z] Timeout reached making request to https://firebasedatabase.googleapis.com/v1beta/projects/buspulse-493407/locations/-/instances?pageSize=100
[debug] [2026-05-04T11:37:18.788Z] FirebaseError: Timeout reached making request to https://firebasedatabase.googleapis.com/v1beta/projects/buspulse-493407/locations/-/instances?pageSize=100
    at RetryOperation._fn (/home/p4cketsn1ff3r/.npm/_npx/7750544ccf494d8b/node_modules/firebase-tools/lib/apiv2.js:278:35)
    at process.processTicksAndRejections (node:internal/process/task_queues:103:5)
[error] 
[error] Error: Failed to list Firebase Realtime Database instances. See firebase-debug.log for more info.
